docker: Error response from daemon: Conflict. The container name "/nginx-test" is already in use by container "df8fb26f534ac1964d9cac9b5850eef8ce15cfa276500b28e201e4bce7315940". You have to remove (or rename) that container to be able to reuse that name.
See 'docker run --help'.
04d6d89f6702959b4ea8dd6a876ae780307c9f572b9afefe62a3453bc928b6ba
4adb11b8a4e6c58b46ffb9b8864c30f5ccf8758777ca8447a2ccb6361ec642ea
7e4dfd5ed22f6f93d19c29e80512c1de73dbe8ef59f64d7ed4f4f6fd4784f706
e325c91d5f699d29be2f44e7a63cf46aa93c490f1e903f8fae27cf286b122c02
75a5613c1636ec48dd3409dd3ad2a938cfe2f0c86e22a1a87e7ebdfdfef1c2dd
b537a4257878ca3a6fb6f07f39a6d8501c9e1460b82cef8f93b3fae9a71bd5ab
docker: Error response from daemon: Conflict. The container name "/nginx-test" is already in use by container "b537a4257878ca3a6fb6f07f39a6d8501c9e1460b82cef8f93b3fae9a71bd5ab". You have to remove (or rename) that container to be able to reuse that name.
See 'docker run --help'.
docker: Error response from daemon: Conflict. The container name "/nginx-test" is already in use by container "ab49e2f43a3688173e17c0e0507ed92684fc71fa94ffc4ccff3a0bd6ba80869d". You have to remove (or rename) that container to be able to reuse that name.
See 'docker run --help'.
8fed2bda6eeea691650d6d23b2c02bc7c6ec5709f3a66bb2c8511b98d3b17427
docker: Error response from daemon: Conflict. The container name "/nginx-test" is already in use by container "8fed2bda6eeea691650d6d23b2c02bc7c6ec5709f3a66bb2c8511b98d3b17427". You have to remove (or rename) that container to be able to reuse that name.
See 'docker run --help'.
Unable to find image 'nginx:latest' locally
latest: Pulling from library/nginx
461246efe0a7: Pulling fs layer
060bfa6be22e: Pulling fs layer
b34d5ba6fa9e: Pulling fs layer
8128ac56c745: Pulling fs layer
44d36245a8c9: Pulling fs layer
ebcc2cc821e6: Pulling fs layer
8128ac56c745: Waiting
44d36245a8c9: Waiting
ebcc2cc821e6: Waiting
b34d5ba6fa9e: Verifying Checksum
b34d5ba6fa9e: Download complete
8128ac56c745: Verifying Checksum
8128ac56c745: Download complete
44d36245a8c9: Download complete
ebcc2cc821e6: Verifying Checksum
ebcc2cc821e6: Download complete
461246efe0a7: Download complete
060bfa6be22e: Download complete
461246efe0a7: Pull complete
060bfa6be22e: Pull complete
b34d5ba6fa9e: Pull complete
8128ac56c745: Pull complete
44d36245a8c9: Pull complete
ebcc2cc821e6: Pull complete
Digest: sha256:bd06dfe1f8f7758debd49d3876023992d41842fd8921565aed315a678a309982
Status: Downloaded newer image for nginx:latest
26a7e2fd958aef5c43b5467379422fc1e218ee2929f6644c7d0a134fab7e1125
3ee02957a7bea9d83ac01f140cc0ccafb285f399e15a359d8f60398616cd01d9
