yarn run v1.22.19
$ react-scripts start
[34mℹ[39m [90m｢wds｣[39m: Project is running at http://10.0.5.2/
[34mℹ[39m [90m｢wds｣[39m: webpack output is served from 
[34mℹ[39m [90m｢wds｣[39m: Content not from webpack is served from /workspace/spring-boot-base/upload_file/react-multiple-files-upload/public
[34mℹ[39m [90m｢wds｣[39m: 404s will fallback to /
Starting the development server...

Done in 2.44s.
yarn run v1.22.19
$ react-scripts start
[34mℹ[39m [90m｢wds｣[39m: Project is running at http://10.0.5.2/
[34mℹ[39m [90m｢wds｣[39m: webpack output is served from 
[34mℹ[39m [90m｢wds｣[39m: Content not from webpack is served from /workspace/spring-boot-base/upload_file/react-multiple-files-upload/public
[34mℹ[39m [90m｢wds｣[39m: 404s will fallback to /
Starting the development server...

Done in 1.86s.
yarn run v1.22.19
$ react-scripts start
[34mℹ[39m [90m｢wds｣[39m: Project is running at http://10.0.5.2/
[34mℹ[39m [90m｢wds｣[39m: webpack output is served from 
[34mℹ[39m [90m｢wds｣[39m: Content not from webpack is served from /workspace/spring-boot-base/upload_file/react-multiple-files-upload/public
[34mℹ[39m [90m｢wds｣[39m: 404s will fallback to /
Starting the development server...

Done in 2.04s.
